<?xml version="1.0" encoding="UTF-8"?>
<!-- Generated by org.testng.reporters.JUnitXMLReporter -->
<testsuite ignored="4" hostname="LTIN258487" failures="0" tests="5" name="Test" time="72.742" errors="0" timestamp="2024-03-22T11:41:56 IST">
  <testcase classname="testCases.TC_manufacturer_1" name="validateManufactureAndPrice" time="21.767"/>
  <testcase classname="testCases.TC_carModel_2" name="validateCars" time="17.783"/>
  <testcase classname="testCases.TC_login_3_1" name="validateLogin" time="21.44"/>
  <testcase classname="testCases.TC_login_3_2" name="validateLogin" time="7.143"/>
  <testcase classname="testCases.TC_login_3_3" name="validateLogin" time="3.598"/>
  <testcase classname="testBase.BaseClass" name="@BeforeSuite setup" time="0.0">
    <ignored/>
  </testcase> <!-- @BeforeSuite setup -->
  <testcase classname="testBase.BaseClass" name="@BeforeSuite setup" time="0.0">
    <ignored/>
  </testcase> <!-- @BeforeSuite setup -->
  <testcase classname="testBase.BaseClass" name="@BeforeSuite setup" time="0.0">
    <ignored/>
  </testcase> <!-- @BeforeSuite setup -->
  <testcase classname="testBase.BaseClass" name="@BeforeSuite setup" time="0.0">
    <ignored/>
  </testcase> <!-- @BeforeSuite setup -->
</testsuite> <!-- Test -->
